{"/Users/ben/Desktop/Work/code/website/src/front-end/components/About/About.js": {"path":"/Users/ben/Desktop/Work/code/website/src/front-end/components/About/About.js","statementMap":{"0":{"start":{"line":3,"column":14},"end":{"line":7,"column":1}},"1":{"start":{"line":4,"column":2},"end":{"line":6,"column":8}}},"fnMap":{"0":{"name":"(anonymous_0)","decl":{"start":{"line":3,"column":14},"end":{"line":3,"column":15}},"loc":{"start":{"line":4,"column":2},"end":{"line":6,"column":8}},"line":4}},"branchMap":{},"s":{"0":1,"1":0},"f":{"0":0},"b":{},"_coverageSchema":"43e27e138ebf9cfc5966b082cf9a028302ed4184","hash":"c70398873644373c8fd80bad9fc1d154580fcec2"}
,"/Users/ben/Desktop/Work/code/website/src/front-end/components/About/index.js": {"path":"/Users/ben/Desktop/Work/code/website/src/front-end/components/About/index.js","statementMap":{},"fnMap":{},"branchMap":{},"s":{},"f":{},"b":{},"_coverageSchema":"43e27e138ebf9cfc5966b082cf9a028302ed4184","hash":"7bafc57455e8d326d43781b405c99c7da78da31a"}
,"/Users/ben/Desktop/Work/code/website/src/front-end/components/App/App.js": {"path":"/Users/ben/Desktop/Work/code/website/src/front-end/components/App/App.js","statementMap":{"0":{"start":{"line":16,"column":12},"end":{"line":22,"column":1}},"1":{"start":{"line":17,"column":2},"end":{"line":21,"column":8}}},"fnMap":{"0":{"name":"(anonymous_0)","decl":{"start":{"line":16,"column":12},"end":{"line":16,"column":13}},"loc":{"start":{"line":17,"column":2},"end":{"line":21,"column":8}},"line":17}},"branchMap":{},"s":{"0":1,"1":1},"f":{"0":1},"b":{},"_coverageSchema":"43e27e138ebf9cfc5966b082cf9a028302ed4184","hash":"11c560bc5f451d0fcb21077229b19221380179b7"}
,"/Users/ben/Desktop/Work/code/website/src/front-end/components/Footer/Footer.js": {"path":"/Users/ben/Desktop/Work/code/website/src/front-end/components/Footer/Footer.js","statementMap":{"0":{"start":{"line":5,"column":15},"end":{"line":13,"column":1}},"1":{"start":{"line":6,"column":2},"end":{"line":12,"column":8}}},"fnMap":{"0":{"name":"(anonymous_0)","decl":{"start":{"line":5,"column":15},"end":{"line":5,"column":16}},"loc":{"start":{"line":6,"column":2},"end":{"line":12,"column":8}},"line":6}},"branchMap":{},"s":{"0":2,"1":3},"f":{"0":3},"b":{},"_coverageSchema":"43e27e138ebf9cfc5966b082cf9a028302ed4184","hash":"b098f8504b47fb15aae73576b2dbc25cadd420c0"}
,"/Users/ben/Desktop/Work/code/website/src/front-end/components/Footer/index.js": {"path":"/Users/ben/Desktop/Work/code/website/src/front-end/components/Footer/index.js","statementMap":{},"fnMap":{},"branchMap":{},"s":{},"f":{},"b":{},"_coverageSchema":"43e27e138ebf9cfc5966b082cf9a028302ed4184","hash":"be8b5b56ce34919964012774cbc9a3ca9cce4cfe"}
,"/Users/ben/Desktop/Work/code/website/src/front-end/components/Footer/styles.js": {"path":"/Users/ben/Desktop/Work/code/website/src/front-end/components/Footer/styles.js","statementMap":{"0":{"start":{"line":3,"column":18},"end":{"line":8,"column":1}}},"fnMap":{},"branchMap":{},"s":{"0":2},"f":{},"b":{},"_coverageSchema":"43e27e138ebf9cfc5966b082cf9a028302ed4184","hash":"e7277ee6433227f6893f743c8a23db4f33714b9e"}
,"/Users/ben/Desktop/Work/code/website/src/front-end/components/HomePage/HomePage.js": {"path":"/Users/ben/Desktop/Work/code/website/src/front-end/components/HomePage/HomePage.js","statementMap":{"0":{"start":{"line":3,"column":17},"end":{"line":7,"column":1}},"1":{"start":{"line":4,"column":2},"end":{"line":6,"column":8}}},"fnMap":{"0":{"name":"(anonymous_0)","decl":{"start":{"line":3,"column":17},"end":{"line":3,"column":18}},"loc":{"start":{"line":4,"column":2},"end":{"line":6,"column":8}},"line":4}},"branchMap":{},"s":{"0":1,"1":1},"f":{"0":1},"b":{},"_coverageSchema":"43e27e138ebf9cfc5966b082cf9a028302ed4184","hash":"15794bd0abb244e816171baec3214fd2fbaec06b"}
,"/Users/ben/Desktop/Work/code/website/src/front-end/components/HomePage/index.js": {"path":"/Users/ben/Desktop/Work/code/website/src/front-end/components/HomePage/index.js","statementMap":{},"fnMap":{},"branchMap":{},"s":{},"f":{},"b":{},"_coverageSchema":"43e27e138ebf9cfc5966b082cf9a028302ed4184","hash":"5eb64d9dc7e4a452b4ff925df897cc90daac74be"}
,"/Users/ben/Desktop/Work/code/website/src/front-end/components/Navbar/Navbar.js": {"path":"/Users/ben/Desktop/Work/code/website/src/front-end/components/Navbar/Navbar.js","statementMap":{"0":{"start":{"line":6,"column":15},"end":{"line":39,"column":1}},"1":{"start":{"line":7,"column":2},"end":{"line":38,"column":8}}},"fnMap":{"0":{"name":"(anonymous_0)","decl":{"start":{"line":6,"column":15},"end":{"line":6,"column":16}},"loc":{"start":{"line":7,"column":2},"end":{"line":38,"column":8}},"line":7}},"branchMap":{},"s":{"0":1,"1":1},"f":{"0":1},"b":{},"_coverageSchema":"43e27e138ebf9cfc5966b082cf9a028302ed4184","hash":"bd46f7cbb81d8595e25e238ea5931fc17c5b397c"}
,"/Users/ben/Desktop/Work/code/website/src/front-end/components/Navbar/index.js": {"path":"/Users/ben/Desktop/Work/code/website/src/front-end/components/Navbar/index.js","statementMap":{},"fnMap":{},"branchMap":{},"s":{},"f":{},"b":{},"_coverageSchema":"43e27e138ebf9cfc5966b082cf9a028302ed4184","hash":"f0d394bb95206f6188fa78f7fcdd10c4db9b7729"}
,"/Users/ben/Desktop/Work/code/website/src/front-end/components/Navbar/styles.js": {"path":"/Users/ben/Desktop/Work/code/website/src/front-end/components/Navbar/styles.js","statementMap":{"0":{"start":{"line":4,"column":13},"end":{"line":7,"column":1}}},"fnMap":{},"branchMap":{},"s":{"0":1},"f":{},"b":{},"_coverageSchema":"43e27e138ebf9cfc5966b082cf9a028302ed4184","hash":"273a5a5af2ad095ad22468ed11844e731ea9e3cc"}
,"/Users/ben/Desktop/Work/code/website/src/front-end/components/NotFound404/NotFound404.js": {"path":"/Users/ben/Desktop/Work/code/website/src/front-end/components/NotFound404/NotFound404.js","statementMap":{"0":{"start":{"line":3,"column":20},"end":{"line":7,"column":1}},"1":{"start":{"line":4,"column":2},"end":{"line":6,"column":8}}},"fnMap":{"0":{"name":"(anonymous_0)","decl":{"start":{"line":3,"column":20},"end":{"line":3,"column":21}},"loc":{"start":{"line":4,"column":2},"end":{"line":6,"column":8}},"line":4}},"branchMap":{},"s":{"0":1,"1":0},"f":{"0":0},"b":{},"_coverageSchema":"43e27e138ebf9cfc5966b082cf9a028302ed4184","hash":"2b41ffd6da0036a5960f029015b63afa4018ae2b"}
,"/Users/ben/Desktop/Work/code/website/src/front-end/components/NotFound404/index.js": {"path":"/Users/ben/Desktop/Work/code/website/src/front-end/components/NotFound404/index.js","statementMap":{},"fnMap":{},"branchMap":{},"s":{},"f":{},"b":{},"_coverageSchema":"43e27e138ebf9cfc5966b082cf9a028302ed4184","hash":"29581a481720832213cc8683f02c2bace9b45540"}
,"/Users/ben/Desktop/Work/code/website/src/front-end/components/Page/Page.js": {"path":"/Users/ben/Desktop/Work/code/website/src/front-end/components/Page/Page.js","statementMap":{"0":{"start":{"line":10,"column":13},"end":{"line":22,"column":1}},"1":{"start":{"line":11,"column":2},"end":{"line":21,"column":12}},"2":{"start":{"line":16,"column":52},"end":{"line":16,"column":75}},"3":{"start":{"line":17,"column":52},"end":{"line":17,"column":75}},"4":{"start":{"line":18,"column":56},"end":{"line":18,"column":83}}},"fnMap":{"0":{"name":"(anonymous_0)","decl":{"start":{"line":10,"column":13},"end":{"line":10,"column":14}},"loc":{"start":{"line":11,"column":2},"end":{"line":21,"column":12}},"line":11},"1":{"name":"(anonymous_1)","decl":{"start":{"line":16,"column":46},"end":{"line":16,"column":47}},"loc":{"start":{"line":16,"column":52},"end":{"line":16,"column":75}},"line":16},"2":{"name":"(anonymous_2)","decl":{"start":{"line":17,"column":46},"end":{"line":17,"column":47}},"loc":{"start":{"line":17,"column":52},"end":{"line":17,"column":75}},"line":17},"3":{"name":"(anonymous_3)","decl":{"start":{"line":18,"column":50},"end":{"line":18,"column":51}},"loc":{"start":{"line":18,"column":56},"end":{"line":18,"column":83}},"line":18}},"branchMap":{},"s":{"0":1,"1":1,"2":0,"3":0,"4":0},"f":{"0":1,"1":0,"2":0,"3":0},"b":{},"_coverageSchema":"43e27e138ebf9cfc5966b082cf9a028302ed4184","hash":"1c8708b439632c23e155f0be84c506abf0d0315e"}
,"/Users/ben/Desktop/Work/code/website/src/front-end/components/Page/index.js": {"path":"/Users/ben/Desktop/Work/code/website/src/front-end/components/Page/index.js","statementMap":{},"fnMap":{},"branchMap":{},"s":{},"f":{},"b":{},"_coverageSchema":"43e27e138ebf9cfc5966b082cf9a028302ed4184","hash":"48c79a5a879b324cbc73b05f1bc8865e0579e499"}
,"/Users/ben/Desktop/Work/code/website/src/front-end/components/PageLayout/PageLayout.js": {"path":"/Users/ben/Desktop/Work/code/website/src/front-end/components/PageLayout/PageLayout.js","statementMap":{"0":{"start":{"line":6,"column":19},"end":{"line":13,"column":1}},"1":{"start":{"line":7,"column":2},"end":{"line":12,"column":8}}},"fnMap":{"0":{"name":"(anonymous_0)","decl":{"start":{"line":6,"column":19},"end":{"line":6,"column":20}},"loc":{"start":{"line":7,"column":2},"end":{"line":12,"column":8}},"line":7}},"branchMap":{},"s":{"0":1,"1":1},"f":{"0":1},"b":{},"_coverageSchema":"43e27e138ebf9cfc5966b082cf9a028302ed4184","hash":"3a45e7b3087a994e486731f4cf8eb66621cb66df"}
,"/Users/ben/Desktop/Work/code/website/src/front-end/components/PageLayout/index.js": {"path":"/Users/ben/Desktop/Work/code/website/src/front-end/components/PageLayout/index.js","statementMap":{},"fnMap":{},"branchMap":{},"s":{},"f":{},"b":{},"_coverageSchema":"43e27e138ebf9cfc5966b082cf9a028302ed4184","hash":"8788ea8f0528bf005782e147fad375306751192d"}
,"/Users/ben/Desktop/Work/code/website/src/front-end/components/Post/Post.js": {"path":"/Users/ben/Desktop/Work/code/website/src/front-end/components/Post/Post.js","statementMap":{"0":{"start":{"line":8,"column":20},"end":{"line":11,"column":36}},"1":{"start":{"line":9,"column":2},"end":{"line":11,"column":36}},"2":{"start":{"line":10,"column":18},"end":{"line":10,"column":29}},"3":{"start":{"line":11,"column":18},"end":{"line":11,"column":35}},"4":{"start":{"line":13,"column":13},"end":{"line":26,"column":1}},"5":{"start":{"line":14,"column":28},"end":{"line":14,"column":40}},"6":{"start":{"line":17,"column":2},"end":{"line":19,"column":14}},"7":{"start":{"line":18,"column":4},"end":{"line":18,"column":33}},"8":{"start":{"line":21,"column":2},"end":{"line":25,"column":3}},"9":{"start":{"line":28,"column":0},"end":{"line":30,"column":1}}},"fnMap":{"0":{"name":"(anonymous_0)","decl":{"start":{"line":8,"column":20},"end":{"line":8,"column":21}},"loc":{"start":{"line":9,"column":2},"end":{"line":11,"column":36}},"line":9},"1":{"name":"(anonymous_1)","decl":{"start":{"line":10,"column":10},"end":{"line":10,"column":11}},"loc":{"start":{"line":10,"column":18},"end":{"line":10,"column":29}},"line":10},"2":{"name":"(anonymous_2)","decl":{"start":{"line":11,"column":10},"end":{"line":11,"column":11}},"loc":{"start":{"line":11,"column":18},"end":{"line":11,"column":35}},"line":11},"3":{"name":"(anonymous_3)","decl":{"start":{"line":13,"column":13},"end":{"line":13,"column":14}},"loc":{"start":{"line":13,"column":27},"end":{"line":26,"column":1}},"line":13},"4":{"name":"(anonymous_4)","decl":{"start":{"line":17,"column":12},"end":{"line":17,"column":13}},"loc":{"start":{"line":17,"column":18},"end":{"line":19,"column":3}},"line":17}},"branchMap":{},"s":{"0":1,"1":0,"2":0,"3":0,"4":1,"5":0,"6":0,"7":0,"8":0,"9":1},"f":{"0":0,"1":0,"2":0,"3":0,"4":0},"b":{},"_coverageSchema":"43e27e138ebf9cfc5966b082cf9a028302ed4184","hash":"b95513bc663e8860d5fc7b9b39755c740f7a44bc"}
,"/Users/ben/Desktop/Work/code/website/src/front-end/components/Post/index.js": {"path":"/Users/ben/Desktop/Work/code/website/src/front-end/components/Post/index.js","statementMap":{},"fnMap":{},"branchMap":{},"s":{},"f":{},"b":{},"_coverageSchema":"43e27e138ebf9cfc5966b082cf9a028302ed4184","hash":"a8b1aa61d306e8ee2bf2e18a116a7b2304640915"}
,"/Users/ben/Desktop/Work/code/website/src/front-end/components/Projects/Projects.js": {"path":"/Users/ben/Desktop/Work/code/website/src/front-end/components/Projects/Projects.js","statementMap":{"0":{"start":{"line":3,"column":17},"end":{"line":7,"column":1}},"1":{"start":{"line":4,"column":2},"end":{"line":6,"column":8}}},"fnMap":{"0":{"name":"(anonymous_0)","decl":{"start":{"line":3,"column":17},"end":{"line":3,"column":18}},"loc":{"start":{"line":4,"column":2},"end":{"line":6,"column":8}},"line":4}},"branchMap":{},"s":{"0":1,"1":0},"f":{"0":0},"b":{},"_coverageSchema":"43e27e138ebf9cfc5966b082cf9a028302ed4184","hash":"e588dc44e92e857fc7b715919120897ed6428b74"}
,"/Users/ben/Desktop/Work/code/website/src/front-end/components/Projects/index.js": {"path":"/Users/ben/Desktop/Work/code/website/src/front-end/components/Projects/index.js","statementMap":{},"fnMap":{},"branchMap":{},"s":{},"f":{},"b":{},"_coverageSchema":"43e27e138ebf9cfc5966b082cf9a028302ed4184","hash":"9a10737a494554cf4183067bd06f0c0ff4429cd7"}
,"/Users/ben/Desktop/Work/code/website/src/front-end/components/Sidebar/Sidebar.js": {"path":"/Users/ben/Desktop/Work/code/website/src/front-end/components/Sidebar/Sidebar.js","statementMap":{"0":{"start":{"line":6,"column":16},"end":{"line":19,"column":1}},"1":{"start":{"line":7,"column":2},"end":{"line":18,"column":8}}},"fnMap":{"0":{"name":"(anonymous_0)","decl":{"start":{"line":6,"column":16},"end":{"line":6,"column":17}},"loc":{"start":{"line":7,"column":2},"end":{"line":18,"column":8}},"line":7}},"branchMap":{},"s":{"0":1,"1":1},"f":{"0":1},"b":{},"_coverageSchema":"43e27e138ebf9cfc5966b082cf9a028302ed4184","hash":"c260f8547e060fe5ab99365bcda933a025dec681"}
,"/Users/ben/Desktop/Work/code/website/src/front-end/components/Sidebar/index.js": {"path":"/Users/ben/Desktop/Work/code/website/src/front-end/components/Sidebar/index.js","statementMap":{},"fnMap":{},"branchMap":{},"s":{},"f":{},"b":{},"_coverageSchema":"43e27e138ebf9cfc5966b082cf9a028302ed4184","hash":"c3810a13a8cc358a43c97063e5a42b7b66b5cca7"}
,"/Users/ben/Desktop/Work/code/website/src/front-end/components/Sidebar/styles.js": {"path":"/Users/ben/Desktop/Work/code/website/src/front-end/components/Sidebar/styles.js","statementMap":{"0":{"start":{"line":4,"column":12},"end":{"line":7,"column":1}},"1":{"start":{"line":9,"column":17},"end":{"line":27,"column":1}}},"fnMap":{},"branchMap":{},"s":{"0":1,"1":1},"f":{},"b":{},"_coverageSchema":"43e27e138ebf9cfc5966b082cf9a028302ed4184","hash":"96212fc5e871d7edbe6270a88625dc63ab289460"}
}
