TN:
SF:/Users/ben/Desktop/Work/code/website/src/front-end/components/About/About.js
FN:3,(anonymous_0)
FNF:1
FNH:0
FNDA:0,(anonymous_0)
DA:3,1
DA:4,0
LF:2
LH:1
BRF:0
BRH:0
end_of_record
TN:
SF:/Users/ben/Desktop/Work/code/website/src/front-end/components/About/index.js
FNF:0
FNH:0
LF:0
LH:0
BRF:0
BRH:0
end_of_record
TN:
SF:/Users/ben/Desktop/Work/code/website/src/front-end/components/App/App.js
FN:16,(anonymous_0)
FNF:1
FNH:1
FNDA:1,(anonymous_0)
DA:16,1
DA:17,1
LF:2
LH:2
BRF:0
BRH:0
end_of_record
TN:
SF:/Users/ben/Desktop/Work/code/website/src/front-end/components/Footer/Footer.js
FN:5,(anonymous_0)
FNF:1
FNH:1
FNDA:3,(anonymous_0)
DA:5,2
DA:6,3
LF:2
LH:2
BRF:0
BRH:0
end_of_record
TN:
SF:/Users/ben/Desktop/Work/code/website/src/front-end/components/Footer/index.js
FNF:0
FNH:0
LF:0
LH:0
BRF:0
BRH:0
end_of_record
TN:
SF:/Users/ben/Desktop/Work/code/website/src/front-end/components/Footer/styles.js
FNF:0
FNH:0
DA:3,2
LF:1
LH:1
BRF:0
BRH:0
end_of_record
TN:
SF:/Users/ben/Desktop/Work/code/website/src/front-end/components/HomePage/HomePage.js
FN:3,(anonymous_0)
FNF:1
FNH:1
FNDA:1,(anonymous_0)
DA:3,1
DA:4,1
LF:2
LH:2
BRF:0
BRH:0
end_of_record
TN:
SF:/Users/ben/Desktop/Work/code/website/src/front-end/components/HomePage/index.js
FNF:0
FNH:0
LF:0
LH:0
BRF:0
BRH:0
end_of_record
TN:
SF:/Users/ben/Desktop/Work/code/website/src/front-end/components/Navbar/Navbar.js
FN:6,(anonymous_0)
FNF:1
FNH:1
FNDA:1,(anonymous_0)
DA:6,1
DA:7,1
LF:2
LH:2
BRF:0
BRH:0
end_of_record
TN:
SF:/Users/ben/Desktop/Work/code/website/src/front-end/components/Navbar/index.js
FNF:0
FNH:0
LF:0
LH:0
BRF:0
BRH:0
end_of_record
TN:
SF:/Users/ben/Desktop/Work/code/website/src/front-end/components/Navbar/styles.js
FNF:0
FNH:0
DA:4,1
LF:1
LH:1
BRF:0
BRH:0
end_of_record
TN:
SF:/Users/ben/Desktop/Work/code/website/src/front-end/components/NotFound404/NotFound404.js
FN:3,(anonymous_0)
FNF:1
FNH:0
FNDA:0,(anonymous_0)
DA:3,1
DA:4,0
LF:2
LH:1
BRF:0
BRH:0
end_of_record
TN:
SF:/Users/ben/Desktop/Work/code/website/src/front-end/components/NotFound404/index.js
FNF:0
FNH:0
LF:0
LH:0
BRF:0
BRH:0
end_of_record
TN:
SF:/Users/ben/Desktop/Work/code/website/src/front-end/components/Page/Page.js
FN:10,(anonymous_0)
FN:16,(anonymous_1)
FN:17,(anonymous_2)
FN:18,(anonymous_3)
FNF:4
FNH:1
FNDA:1,(anonymous_0)
FNDA:0,(anonymous_1)
FNDA:0,(anonymous_2)
FNDA:0,(anonymous_3)
DA:10,1
DA:11,1
DA:16,0
DA:17,0
DA:18,0
LF:5
LH:2
BRF:0
BRH:0
end_of_record
TN:
SF:/Users/ben/Desktop/Work/code/website/src/front-end/components/Page/index.js
FNF:0
FNH:0
LF:0
LH:0
BRF:0
BRH:0
end_of_record
TN:
SF:/Users/ben/Desktop/Work/code/website/src/front-end/components/PageLayout/PageLayout.js
FN:6,(anonymous_0)
FNF:1
FNH:1
FNDA:1,(anonymous_0)
DA:6,1
DA:7,1
LF:2
LH:2
BRF:0
BRH:0
end_of_record
TN:
SF:/Users/ben/Desktop/Work/code/website/src/front-end/components/PageLayout/index.js
FNF:0
FNH:0
LF:0
LH:0
BRF:0
BRH:0
end_of_record
TN:
SF:/Users/ben/Desktop/Work/code/website/src/front-end/components/Post/Post.js
FN:8,(anonymous_0)
FN:10,(anonymous_1)
FN:11,(anonymous_2)
FN:13,(anonymous_3)
FN:17,(anonymous_4)
FNF:5
FNH:0
FNDA:0,(anonymous_0)
FNDA:0,(anonymous_1)
FNDA:0,(anonymous_2)
FNDA:0,(anonymous_3)
FNDA:0,(anonymous_4)
DA:8,1
DA:9,0
DA:10,0
DA:11,0
DA:13,1
DA:14,0
DA:17,0
DA:18,0
DA:21,0
DA:28,1
LF:10
LH:3
BRF:0
BRH:0
end_of_record
TN:
SF:/Users/ben/Desktop/Work/code/website/src/front-end/components/Post/index.js
FNF:0
FNH:0
LF:0
LH:0
BRF:0
BRH:0
end_of_record
TN:
SF:/Users/ben/Desktop/Work/code/website/src/front-end/components/Projects/Projects.js
FN:3,(anonymous_0)
FNF:1
FNH:0
FNDA:0,(anonymous_0)
DA:3,1
DA:4,0
LF:2
LH:1
BRF:0
BRH:0
end_of_record
TN:
SF:/Users/ben/Desktop/Work/code/website/src/front-end/components/Projects/index.js
FNF:0
FNH:0
LF:0
LH:0
BRF:0
BRH:0
end_of_record
TN:
SF:/Users/ben/Desktop/Work/code/website/src/front-end/components/Sidebar/Sidebar.js
FN:6,(anonymous_0)
FNF:1
FNH:1
FNDA:1,(anonymous_0)
DA:6,1
DA:7,1
LF:2
LH:2
BRF:0
BRH:0
end_of_record
TN:
SF:/Users/ben/Desktop/Work/code/website/src/front-end/components/Sidebar/index.js
FNF:0
FNH:0
LF:0
LH:0
BRF:0
BRH:0
end_of_record
TN:
SF:/Users/ben/Desktop/Work/code/website/src/front-end/components/Sidebar/styles.js
FNF:0
FNH:0
DA:4,1
DA:9,1
LF:2
LH:2
BRF:0
BRH:0
end_of_record
